{
  "RSpec": {
    "coverage": {
      "/Users/Hunter/Dropbox/Devboot/Code/phase3/final_project/bookmeetups/spec/controllers/favorite_books_controller_spec.rb": [
        1,
        null,
        1,
        12,
        12,
        12,
        12,
        null,
        null,
        1,
        8,
        null,
        1,
        1,
        1,
        1,
        null,
        null,
        1,
        1,
        1,
        2,
        null,
        null,
        null,
        1,
        1,
        1,
        1,
        null,
        null,
        1,
        1,
        1,
        2,
        null,
        null,
        null,
        1,
        1,
        1,
        1,
        null,
        null,
        null,
        null,
        null,
        1,
        3,
        null,
        1,
        1,
        1,
        null,
        null,
        1,
        1,
        1,
        2,
        null,
        null,
        null,
        null,
        1,
        1,
        1,
        1,
        2,
        null,
        null,
        1,
        1,
        1,
        null,
        null,
        null,
        1,
        1,
        1,
        1,
        null,
        null,
        1,
        1,
        1,
        null,
        null,
        null
      ],
      "/Users/Hunter/Dropbox/Devboot/Code/phase3/final_project/bookmeetups/spec/controllers/meetups_controller_spec.rb": [
        1,
        null,
        1,
        12,
        12,
        12,
        12,
        12,
        null,
        null,
        1,
        3,
        null,
        1,
        1,
        1,
        null,
        null,
        1,
        1,
        1,
        1,
        null,
        null,
        null,
        1,
        7,
        1,
        1,
        1,
        null,
        null,
        1,
        1,
        1,
        2,
        null,
        null,
        1,
        1,
        1,
        null,
        null,
        1,
        1,
        1,
        null,
        null,
        1,
        1,
        1,
        null,
        null,
        1,
        1,
        1,
        null,
        null,
        null,
        1,
        1,
        2,
        1,
        1,
        1,
        1,
        1,
        1,
        1,
        null,
        1,
        1,
        null,
        null,
        null,
        1,
        2,
        null,
        1,
        1,
        1,
        null,
        null,
        null,
        1,
        2,
        2,
        null,
        1,
        1,
        1,
        null,
        null,
        null,
        null
      ],
      "/Users/Hunter/Dropbox/Devboot/Code/phase3/final_project/bookmeetups/spec/controllers/messages_controller_spec.rb": [
        1,
        1,
        7,
        1,
        7,
        7,
        7,
        null,
        1,
        1,
        1,
        1,
        1,
        null,
        null,
        1,
        1,
        1,
        null,
        null,
        null,
        1,
        2,
        null,
        1,
        1,
        1,
        null,
        null,
        null,
        null,
        1,
        4,
        1,
        6,
        null,
        1,
        1,
        1,
        null,
        null,
        1,
        1,
        1,
        2,
        null,
        null,
        1,
        1,
        1,
        2,
        null,
        null,
        null
      ],
      "/Users/Hunter/Dropbox/Devboot/Code/phase3/final_project/bookmeetups/spec/controllers/photos_controller_spec.rb": [
        1,
        null,
        1,
        10,
        3,
        10,
        null,
        1,
        1,
        1,
        1,
        null,
        null,
        1,
        1,
        1,
        null,
        null,
        null,
        1,
        1,
        1,
        1,
        null,
        null,
        1,
        1,
        1,
        null,
        null,
        null,
        1,
        4,
        null,
        1,
        1,
        1,
        1,
        null,
        null,
        1,
        1,
        1,
        2,
        null,
        null,
        1,
        1,
        1,
        null,
        null,
        null,
        null,
        1,
        3,
        null,
        1,
        1,
        1,
        null,
        null,
        1,
        1,
        1,
        2,
        null,
        null,
        null,
        1,
        1,
        null,
        null,
        null
      ],
      "/Users/Hunter/Dropbox/Devboot/Code/phase3/final_project/bookmeetups/spec/controllers/searches_controller_spec.rb": [
        1,
        1,
        3,
        1,
        2,
        null,
        1,
        1,
        1,
        1,
        null,
        null,
        1,
        2,
        1,
        1,
        null,
        null,
        null
      ],
      "/Users/Hunter/Dropbox/Devboot/Code/phase3/final_project/bookmeetups/spec/controllers/sessions_controller_spec.rb": [
        1,
        null,
        1,
        13,
        1,
        12,
        12,
        12,
        12,
        12,
        null,
        null,
        null,
        1,
        1,
        1,
        1,
        null,
        null,
        1,
        1,
        1,
        null,
        null,
        null,
        1,
        1,
        1,
        1,
        1,
        null,
        null,
        1,
        1,
        1,
        null,
        null,
        null,
        1,
        4,
        null,
        1,
        1,
        1,
        null,
        null,
        1,
        1,
        1,
        null,
        null,
        1,
        1,
        1,
        null,
        null,
        null,
        1,
        4,
        null,
        1,
        1,
        1,
        null,
        null,
        1,
        1,
        1,
        null,
        null,
        1,
        1,
        1,
        null,
        null,
        null,
        null,
        1,
        3,
        null,
        1,
        1,
        1,
        null,
        null,
        1,
        1,
        1,
        null,
        null,
        null
      ],
      "/Users/Hunter/Dropbox/Devboot/Code/phase3/final_project/bookmeetups/spec/controllers/users_controller_spec.rb": [
        1,
        null,
        1,
        8,
        3,
        1,
        null,
        1,
        1,
        1,
        1,
        null,
        null,
        1,
        1,
        1,
        null,
        null,
        null,
        1,
        3,
        3,
        3,
        null,
        1,
        1,
        1,
        1,
        1,
        null,
        null,
        1,
        1,
        1,
        1,
        2,
        null,
        null,
        null,
        1,
        1,
        1,
        1,
        1,
        null,
        null,
        1,
        1,
        1,
        1,
        2,
        null,
        null,
        null,
        null,
        1,
        3,
        null,
        1,
        1,
        1,
        null,
        null,
        1,
        1,
        1,
        null,
        null,
        null,
        1,
        3,
        null,
        1,
        1,
        1,
        null,
        null,
        1,
        1,
        1,
        null,
        null,
        null,
        1,
        3,
        null,
        null,
        1,
        1,
        1,
        null,
        null,
        1,
        1,
        1,
        null,
        null,
        null,
        1,
        2,
        2,
        null,
        1,
        1,
        1,
        1,
        1,
        null,
        null,
        null,
        null,
        1,
        4,
        4,
        null,
        1,
        1,
        1,
        null,
        null,
        1,
        1,
        1,
        null,
        null,
        1,
        1,
        1,
        2,
        null,
        null,
        null
      ],
      "/Users/Hunter/Dropbox/Devboot/Code/phase3/final_project/bookmeetups/spec/features/favorite_book_spec.rb": [
        1,
        null,
        1,
        1,
        1,
        1,
        null,
        1,
        0,
        0,
        0,
        null,
        null,
        null,
        null,
        null,
        null,
        null,
        null
      ],
      "/Users/Hunter/Dropbox/Devboot/Code/phase3/final_project/bookmeetups/spec/features/search_spec.rb": [

      ],
      "/Users/Hunter/Dropbox/Devboot/Code/phase3/final_project/bookmeetups/spec/models/book_spec.rb": [
        1,
        null,
        1,
        10,
        1,
        2,
        2,
        2,
        2,
        2,
        2,
        null,
        null,
        1,
        2,
        2,
        2,
        null,
        null
      ],
      "/Users/Hunter/Dropbox/Devboot/Code/phase3/final_project/bookmeetups/spec/models/lat_long_distance_converter_spec.rb": [

      ],
      "/Users/Hunter/Dropbox/Devboot/Code/phase3/final_project/bookmeetups/spec/models/location_spec.rb": [
        1,
        null,
        1,
        1,
        2,
        2,
        2,
        null,
        null,
        null,
        1,
        2,
        null,
        null,
        1,
        null,
        null,
        null,
        null,
        null,
        null,
        1,
        null,
        1,
        null,
        null,
        null,
        null,
        null,
        null,
        null,
        null,
        null,
        1,
        null,
        null,
        null,
        1,
        null,
        null,
        null,
        null,
        null,
        null
      ],
      "/Users/Hunter/Dropbox/Devboot/Code/phase3/final_project/bookmeetups/spec/models/meetup_spec.rb": [
        1,
        null,
        1,
        1,
        2,
        2,
        2,
        2,
        null,
        null,
        null
      ],
      "/Users/Hunter/Dropbox/Devboot/Code/phase3/final_project/bookmeetups/spec/models/message_spec.rb": [
        1,
        null,
        1,
        1,
        2,
        null,
        null
      ],
      "/Users/Hunter/Dropbox/Devboot/Code/phase3/final_project/bookmeetups/spec/models/photo_spec.rb": [
        1,
        null,
        1,
        1,
        2,
        null,
        null
      ],
      "/Users/Hunter/Dropbox/Devboot/Code/phase3/final_project/bookmeetups/spec/models/user_spec.rb": [
        1,
        null,
        1,
        9,
        1,
        2,
        2,
        2,
        2,
        2,
        null,
        null,
        1,
        2,
        2,
        2,
        null,
        null
      ]
    },
    "timestamp": 1395816443
  }
}
